
info [Thu Oct 22 2020 10:48:02 GMT-0500 (GMT-05:00)]  Initializing puppeteer
info [Thu Oct 22 2020 10:48:03 GMT-0500 (GMT-05:00)]  Creating browser page tab
info [Thu Oct 22 2020 10:48:03 GMT-0500 (GMT-05:00)]  Navigating to https://mydhl.express.dhl/mx/es/auth/login.html
info [Thu Oct 22 2020 10:48:09 GMT-0500 (GMT-05:00)]  Closing default browser page
info [Thu Oct 22 2020 10:48:09 GMT-0500 (GMT-05:00)]  Trying to login
info [Thu Oct 22 2020 10:48:11 GMT-0500 (GMT-05:00)]  Filling password
info [Thu Oct 22 2020 10:48:11 GMT-0500 (GMT-05:00)]  Submiting form
info [Thu Oct 22 2020 10:48:13 GMT-0500 (GMT-05:00)]  Login Exitoso
info [Thu Oct 22 2020 10:48:13 GMT-0500 (GMT-05:00)]  Navigating to shipment upload
info [Thu Oct 22 2020 10:48:18 GMT-0500 (GMT-05:00)]  Loading shipment file
error [Thu Oct 22 2020 10:48:52 GMT-0500 (GMT-05:00)]  TimeoutError: waiting for selector `div[aqa-id='successProcessingResult']` failed: timeout 30000ms exceeded
    at new WaitTask (C:\Users\Android\WebstormProjects\dhl_document_generated\node_modules\puppeteer\lib\cjs\puppeteer\common\DOMWorld.js:411:34)
    at DOMWorld.waitForSelector (C:\Users\Android\WebstormProjects\dhl_document_generated\node_modules\puppeteer\lib\cjs\puppeteer\common\DOMWorld.js:319:26)
    at Frame.waitForSelector (C:\Users\Android\WebstormProjects\dhl_document_generated\node_modules\puppeteer\lib\cjs\puppeteer\common\FrameManager.js:842:51)
    at Page.waitForSelector (C:\Users\Android\WebstormProjects\dhl_document_generated\node_modules\puppeteer\lib\cjs\puppeteer\common\Page.js:1322:33)
    at Generator.generateByFileNavigate (C:\Users\Android\WebstormProjects\dhl_document_generated\classes\generator.js:132:25)
    at runMicrotasks (<anonymous>)
    at processTicksAndRejections (internal/process/task_queues.js:97:5)
    at async Generator.process (C:\Users\Android\WebstormProjects\dhl_document_generated\classes\generator.js:234:9)
info [Thu Oct 22 2020 10:48:52 GMT-0500 (GMT-05:00)]  Screenshot : C:\Users\Android\WebstormProjects\dhl_document_generated\screenshots\7GvRLU_1603381732080.png
